# JRE version: Java(TM) SE Runtime Environment (8.0_51-b16) (build 1.8.0_51-b16)
# Java VM: Java HotSpot(TM) Client VM (25.51-b03 mixed mode windows-x86 )
Heap:
 def new generation   total 39040K, used 31044K [0x03c00000, 0x06650000, 0x19150000)
  eden space 34752K,  84% used [0x03c00000, 0x058b2f98, 0x05df0000)
  from space 4288K,  38% used [0x06220000, 0x063be190, 0x06650000)
  to   space 4288K,   0% used [0x05df0000, 0x05df0000, 0x06220000)
 tenured generation   total 86400K, used 77228K [0x19150000, 0x1e5b0000, 0x43c00000)
   the space 86400K,  89% used [0x19150000, 0x1dcbb248, 0x1dcbb400, 0x1e5b0000)
 Metaspace       used 56988K, capacity 61020K, committed 61056K, reserved 61824K
GC Heap History (10 events):
Event: 5539.411 GC heap before
{Heap before GC invocations=668 (full 23):
 def new generation   total 39040K, used 36701K [0x03c00000, 0x06650000, 0x19150000)
  eden space 34752K, 100% used [0x03c00000, 0x05df0000, 0x05df0000)
  from space 4288K,  45% used [0x05df0000, 0x05fd7670, 0x06220000)
  to   space 4288K,   0% used [0x06220000, 0x06220000, 0x06650000)
 tenured generation   total 86400K, used 69069K [0x19150000, 0x1e5b0000, 0x43c00000)
   the space 86400K,  79% used [0x19150000, 0x1d4c3690, 0x1d4c3800, 0x1e5b0000)
 Metaspace       used 56982K, capacity 61013K, committed 61056K, reserved 61824K
Event: 5539.449 GC heap after
Heap after GC invocations=669 (full 23):
 def new generation   total 39040K, used 4288K [0x03c00000, 0x06650000, 0x19150000)
  eden space 34752K,   0% used [0x03c00000, 0x03c00000, 0x05df0000)
  from space 4288K, 100% used [0x06220000, 0x06650000, 0x06650000)
  to   space 4288K,   0% used [0x05df0000, 0x05df0000, 0x06220000)
 tenured generation   total 86400K, used 73181K [0x19150000, 0x1e5b0000, 0x43c00000)
   the space 86400K,  84% used [0x19150000, 0x1d8c76d8, 0x1d8c7800, 0x1e5b0000)
 Metaspace       used 56982K, capacity 61013K, committed 61056K, reserved 61824K
}
Event: 5540.589 GC heap before
{Heap before GC invocations=669 (full 23):
 def new generation   total 39040K, used 39040K [0x03c00000, 0x06650000, 0x19150000)
  eden space 34752K, 100% used [0x03c00000, 0x05df0000, 0x05df0000)
  from space 4288K, 100% used [0x06220000, 0x06650000, 0x06650000)
  to   space 4288K,   0% used [0x05df0000, 0x05df0000, 0x06220000)
 tenured generation   total 86400K, used 73181K [0x19150000, 0x1e5b0000, 0x43c00000)
   the space 86400K,  84% used [0x19150000, 0x1d8c76d8, 0x1d8c7800, 0x1e5b0000)
 Metaspace       used 56982K, capacity 61013K, committed 61056K, reserved 61824K
Event: 5540.617 GC heap after
Heap after GC invocations=670 (full 23):
 def new generation   total 39040K, used 3366K [0x03c00000, 0x06650000, 0x19150000)
  eden space 34752K,   0% used [0x03c00000, 0x03c00000, 0x05df0000)
  from space 4288K,  78% used [0x05df0000, 0x06139940, 0x06220000)
  to   space 4288K,   0% used [0x06220000, 0x06220000, 0x06650000)
 tenured generation   total 86400K, used 76300K [0x19150000, 0x1e5b0000, 0x43c00000)
   the space 86400K,  88% used [0x19150000, 0x1dbd3238, 0x1dbd3400, 0x1e5b0000)
 Metaspace       used 56982K, capacity 61013K, committed 61056K, reserved 61824K
}
Event: 5540.954 GC heap before
{Heap before GC invocations=670 (full 23):
 def new generation   total 39040K, used 38118K [0x03c00000, 0x06650000, 0x19150000)
  eden space 34752K, 100% used [0x03c00000, 0x05df0000, 0x05df0000)
  from space 4288K,  78% used [0x05df0000, 0x06139940, 0x06220000)
  to   space 4288K,   0% used [0x06220000, 0x06220000, 0x06650000)
 tenured generation   total 86400K, used 76300K [0x19150000, 0x1e5b0000, 0x43c00000)
   the space 86400K,  88% used [0x19150000, 0x1dbd3238, 0x1dbd3400, 0x1e5b0000)
 Metaspace       used 56982K, capacity 61013K, committed 61056K, reserved 61824K
Event: 5540.965 GC heap after
Heap after GC invocations=671 (full 23):
 def new generation   total 39040K, used 495K [0x03c00000, 0x06650000, 0x19150000)
  eden space 34752K,   0% used [0x03c00000, 0x03c00000, 0x05df0000)
  from space 4288K,  11% used [0x06220000, 0x0629bfd0, 0x06650000)
  to   space 4288K,   0% used [0x05df0000, 0x05df0000, 0x06220000)
 tenured generation   total 86400K, used 77228K [0x19150000, 0x1e5b0000, 0x43c00000)
   the space 86400K,  89% used [0x19150000, 0x1dcbb248, 0x1dcbb400, 0x1e5b0000)
 Metaspace       used 56982K, capacity 61013K, committed 61056K, reserved 61824K
}
Event: 5541.509 GC heap before
{Heap before GC invocations=671 (full 23):
 def new generation   total 39040K, used 35247K [0x03c00000, 0x06650000, 0x19150000)
  eden space 34752K, 100% used [0x03c00000, 0x05df0000, 0x05df0000)
  from space 4288K,  11% used [0x06220000, 0x0629bfd0, 0x06650000)
  to   space 4288K,   0% used [0x05df0000, 0x05df0000, 0x06220000)
 tenured generation   total 86400K, used 77228K [0x19150000, 0x1e5b0000, 0x43c00000)
   the space 86400K,  89% used [0x19150000, 0x1dcbb248, 0x1dcbb400, 0x1e5b0000)
 Metaspace       used 56988K, capacity 61020K, committed 61056K, reserved 61824K
Event: 5541.514 GC heap after
Heap after GC invocations=672 (full 23):
 def new generation   total 39040K, used 504K [0x03c00000, 0x06650000, 0x19150000)
  eden space 34752K,   0% used [0x03c00000, 0x03c00000, 0x05df0000)
  from space 4288K,  11% used [0x05df0000, 0x05e6e108, 0x06220000)
  to   space 4288K,   0% used [0x06220000, 0x06220000, 0x06650000)
 tenured generation   total 86400K, used 77228K [0x19150000, 0x1e5b0000, 0x43c00000)
   the space 86400K,  89% used [0x19150000, 0x1dcbb248, 0x1dcbb400, 0x1e5b0000)
 Metaspace       used 56988K, capacity 61020K, committed 61056K, reserved 61824K
}
Event: 5541.726 GC heap before
{Heap before GC invocations=672 (full 23):
 def new generation   total 39040K, used 35113K [0x03c00000, 0x06650000, 0x19150000)
  eden space 34752K,  99% used [0x03c00000, 0x05dcc6b0, 0x05df0000)
  from space 4288K,  11% used [0x05df0000, 0x05e6e108, 0x06220000)
  to   space 4288K,   0% used [0x06220000, 0x06220000, 0x06650000)
 tenured generation   total 86400K, used 77228K [0x19150000, 0x1e5b0000, 0x43c00000)
   the space 86400K,  89% used [0x19150000, 0x1dcbb248, 0x1dcbb400, 0x1e5b0000)
 Metaspace       used 56988K, capacity 61020K, committed 61056K, reserved 61824K
Event: 5541.735 GC heap after
Heap after GC invocations=673 (full 23):
 def new generation   total 39040K, used 1656K [0x03c00000, 0x06650000, 0x19150000)
  eden space 34752K,   0% used [0x03c00000, 0x03c00000, 0x05df0000)
  from space 4288K,  38% used [0x06220000, 0x063be190, 0x06650000)
  to   space 4288K,   0% used [0x05df0000, 0x05df0000, 0x06220000)
 tenured generation   total 86400K, used 77228K [0x19150000, 0x1e5b0000, 0x43c00000)
   the space 86400K,  89% used [0x19150000, 0x1dcbb248, 0x1dcbb400, 0x1e5b0000)
 Metaspace       used 56988K, capacity 61020K, committed 61056K, reserved 61824K
}

