# JRE version: Java(TM) SE Runtime Environment (8.0_51-b16) (build 1.8.0_51-b16)
# Java VM: Java HotSpot(TM) Client VM (25.51-b03 mixed mode windows-x86 )
Heap:
 def new generation   total 45184K, used 5665K [0x03c00000, 0x06d00000, 0x19150000)
  eden space 40192K,  13% used [0x03c00000, 0x04134f80, 0x06340000)
  from space 4992K,   6% used [0x06340000, 0x06393528, 0x06820000)
  to   space 4992K,   0% used [0x06820000, 0x06820000, 0x06d00000)
 tenured generation   total 100172K, used 58347K [0x19150000, 0x1f323000, 0x43c00000)
   the space 100172K,  58% used [0x19150000, 0x1ca4aee8, 0x1ca4b000, 0x1f323000)
 Metaspace       used 43381K, capacity 47203K, committed 47488K, reserved 47488K
GC Heap History (10 events):
Event: 21340.106 GC heap before
{Heap before GC invocations=689 (full 30):
 def new generation   total 45184K, used 41080K [0x03c00000, 0x06d00000, 0x19150000)
  eden space 40192K, 100% used [0x03c00000, 0x06340000, 0x06340000)
  from space 4992K,  17% used [0x06820000, 0x068fe088, 0x06d00000)
  to   space 4992K,   0% used [0x06340000, 0x06340000, 0x06820000)
 tenured generation   total 100172K, used 54862K [0x19150000, 0x1f323000, 0x43c00000)
   the space 100172K,  54% used [0x19150000, 0x1c6e3878, 0x1c6e3a00, 0x1f323000)
 Metaspace       used 43381K, capacity 47203K, committed 47488K, reserved 47488K
Event: 21340.115 GC heap after
Heap after GC invocations=690 (full 30):
 def new generation   total 45184K, used 1296K [0x03c00000, 0x06d00000, 0x19150000)
  eden space 40192K,   0% used [0x03c00000, 0x03c00000, 0x06340000)
  from space 4992K,  25% used [0x06340000, 0x06484108, 0x06820000)
  to   space 4992K,   0% used [0x06820000, 0x06820000, 0x06d00000)
 tenured generation   total 100172K, used 54862K [0x19150000, 0x1f323000, 0x43c00000)
   the space 100172K,  54% used [0x19150000, 0x1c6e3878, 0x1c6e3a00, 0x1f323000)
 Metaspace       used 43381K, capacity 47203K, committed 47488K, reserved 47488K
}
Event: 21341.799 GC heap before
{Heap before GC invocations=690 (full 30):
 def new generation   total 45184K, used 41488K [0x03c00000, 0x06d00000, 0x19150000)
  eden space 40192K, 100% used [0x03c00000, 0x06340000, 0x06340000)
  from space 4992K,  25% used [0x06340000, 0x06484108, 0x06820000)
  to   space 4992K,   0% used [0x06820000, 0x06820000, 0x06d00000)
 tenured generation   total 100172K, used 54862K [0x19150000, 0x1f323000, 0x43c00000)
   the space 100172K,  54% used [0x19150000, 0x1c6e3878, 0x1c6e3a00, 0x1f323000)
 Metaspace       used 43381K, capacity 47203K, committed 47488K, reserved 47488K
Event: 21341.840 GC heap after
Heap after GC invocations=691 (full 30):
 def new generation   total 45184K, used 3724K [0x03c00000, 0x06d00000, 0x19150000)
  eden space 40192K,   0% used [0x03c00000, 0x03c00000, 0x06340000)
  from space 4992K,  74% used [0x06820000, 0x06bc3150, 0x06d00000)
  to   space 4992K,   0% used [0x06340000, 0x06340000, 0x06820000)
 tenured generation   total 100172K, used 54862K [0x19150000, 0x1f323000, 0x43c00000)
   the space 100172K,  54% used [0x19150000, 0x1c6e3878, 0x1c6e3a00, 0x1f323000)
 Metaspace       used 43381K, capacity 47203K, committed 47488K, reserved 47488K
}
Event: 21344.048 GC heap before
{Heap before GC invocations=691 (full 30):
 def new generation   total 45184K, used 43916K [0x03c00000, 0x06d00000, 0x19150000)
  eden space 40192K, 100% used [0x03c00000, 0x06340000, 0x06340000)
  from space 4992K,  74% used [0x06820000, 0x06bc3150, 0x06d00000)
  to   space 4992K,   0% used [0x06340000, 0x06340000, 0x06820000)
 tenured generation   total 100172K, used 54862K [0x19150000, 0x1f323000, 0x43c00000)
   the space 100172K,  54% used [0x19150000, 0x1c6e3878, 0x1c6e3a00, 0x1f323000)
 Metaspace       used 43381K, capacity 47203K, committed 47488K, reserved 47488K
Event: 21344.066 GC heap after
Heap after GC invocations=692 (full 30):
 def new generation   total 45184K, used 1592K [0x03c00000, 0x06d00000, 0x19150000)
  eden space 40192K,   0% used [0x03c00000, 0x03c00000, 0x06340000)
  from space 4992K,  31% used [0x06340000, 0x064ce390, 0x06820000)
  to   space 4992K,   0% used [0x06820000, 0x06820000, 0x06d00000)
 tenured generation   total 100172K, used 58347K [0x19150000, 0x1f323000, 0x43c00000)
   the space 100172K,  58% used [0x19150000, 0x1ca4aee8, 0x1ca4b000, 0x1f323000)
 Metaspace       used 43381K, capacity 47203K, committed 47488K, reserved 47488K
}
Event: 21344.396 GC heap before
{Heap before GC invocations=692 (full 30):
 def new generation   total 45184K, used 41784K [0x03c00000, 0x06d00000, 0x19150000)
  eden space 40192K, 100% used [0x03c00000, 0x06340000, 0x06340000)
  from space 4992K,  31% used [0x06340000, 0x064ce390, 0x06820000)
  to   space 4992K,   0% used [0x06820000, 0x06820000, 0x06d00000)
 tenured generation   total 100172K, used 58347K [0x19150000, 0x1f323000, 0x43c00000)
   the space 100172K,  58% used [0x19150000, 0x1ca4aee8, 0x1ca4b000, 0x1f323000)
 Metaspace       used 43381K, capacity 47203K, committed 47488K, reserved 47488K
Event: 21344.429 GC heap after
Heap after GC invocations=693 (full 30):
 def new generation   total 45184K, used 1195K [0x03c00000, 0x06d00000, 0x19150000)
  eden space 40192K,   0% used [0x03c00000, 0x03c00000, 0x06340000)
  from space 4992K,  23% used [0x06820000, 0x0694ac10, 0x06d00000)
  to   space 4992K,   0% used [0x06340000, 0x06340000, 0x06820000)
 tenured generation   total 100172K, used 58347K [0x19150000, 0x1f323000, 0x43c00000)
   the space 100172K,  58% used [0x19150000, 0x1ca4aee8, 0x1ca4b000, 0x1f323000)
 Metaspace       used 43381K, capacity 47203K, committed 47488K, reserved 47488K
}
Event: 22169.077 GC heap before
{Heap before GC invocations=693 (full 30):
 def new generation   total 45184K, used 41387K [0x03c00000, 0x06d00000, 0x19150000)
  eden space 40192K, 100% used [0x03c00000, 0x06340000, 0x06340000)
  from space 4992K,  23% used [0x06820000, 0x0694ac10, 0x06d00000)
  to   space 4992K,   0% used [0x06340000, 0x06340000, 0x06820000)
 tenured generation   total 100172K, used 58347K [0x19150000, 0x1f323000, 0x43c00000)
   the space 100172K,  58% used [0x19150000, 0x1ca4aee8, 0x1ca4b000, 0x1f323000)
 Metaspace       used 43381K, capacity 47203K, committed 47488K, reserved 47488K
Event: 22169.083 GC heap after
Heap after GC invocations=694 (full 30):
 def new generation   total 45184K, used 333K [0x03c00000, 0x06d00000, 0x19150000)
  eden space 40192K,   0% used [0x03c00000, 0x03c00000, 0x06340000)
  from space 4992K,   6% used [0x06340000, 0x06393528, 0x06820000)
  to   space 4992K,   0% used [0x06820000, 0x06820000, 0x06d00000)
 tenured generation   total 100172K, used 58347K [0x19150000, 0x1f323000, 0x43c00000)
   the space 100172K,  58% used [0x19150000, 0x1ca4aee8, 0x1ca4b000, 0x1f323000)
 Metaspace       used 43381K, capacity 47203K, committed 47488K, reserved 47488K
}

